<?xml version="1.0" encoding="UTF-8"?>
<testng-results ignored="0" total="1" passed="1" failed="0" skipped="0">
  <reporter-output>
  </reporter-output>
  <suite started-at="2023-03-27T13:06:30Z" name="Testing Registration" finished-at="2023-03-27T13:07:22Z" duration-ms="51164">
    <groups>
    </groups>
    <test started-at="2023-03-27T13:06:30Z" name="Regression" finished-at="2023-03-27T13:07:22Z" duration-ms="51164">
      <class name="signup.FirstTaskTest">
        <test-method is-config="true" signature="setUpClass()[pri:0, instance:signup.FirstTaskTest@6f4a47c7]" started-at="2023-03-27T13:06:30Z" name="setUpClass" finished-at="2023-03-27T13:06:30Z" duration-ms="16" status="PASS">
          <reporter-output>
          </reporter-output>
        </test-method> <!-- setUpClass -->
        <test-method is-config="true" signature="setUp()[pri:0, instance:signup.FirstTaskTest@6f4a47c7]" started-at="2023-03-27T13:06:30Z" name="setUp" finished-at="2023-03-27T13:06:58Z" duration-ms="27512" status="PASS">
          <reporter-output>
          </reporter-output>
        </test-method> <!-- setUp -->
        <test-method signature="testFirstTask()[pri:0, instance:signup.FirstTaskTest@6f4a47c7]" started-at="2023-03-27T13:06:58Z" name="testFirstTask" finished-at="2023-03-27T13:07:21Z" duration-ms="22854" status="PASS">
          <reporter-output>
          </reporter-output>
        </test-method> <!-- testFirstTask -->
        <test-method is-config="true" signature="tearDownTest()[pri:0, instance:signup.FirstTaskTest@6f4a47c7]" started-at="2023-03-27T13:07:21Z" name="tearDownTest" finished-at="2023-03-27T13:07:22Z" duration-ms="757" status="PASS">
          <reporter-output>
          </reporter-output>
        </test-method> <!-- tearDownTest -->
        <test-method is-config="true" signature="tearDownClass()[pri:0, instance:signup.FirstTaskTest@6f4a47c7]" started-at="2023-03-27T13:07:22Z" name="tearDownClass" finished-at="2023-03-27T13:07:22Z" duration-ms="1" status="PASS">
          <reporter-output>
          </reporter-output>
        </test-method> <!-- tearDownClass -->
      </class> <!-- signup.FirstTaskTest -->
    </test> <!-- Regression -->
  </suite> <!-- Testing Registration -->
</testng-results>
